<?xml version="1.0" encoding="UTF-8"?>
<testsuite name="InvoiceServiceTest" tests="2" skipped="0" failures="0" errors="0" timestamp="2020-10-26T17:24:12" hostname="AVINASH" time="0.004">
  <properties/>
  <testcase name="whenGivenTimeAndDistanceCalculateFare" classname="InvoiceServiceTest" time="0.003"/>
  <testcase name="givenLessDistanceAndTimeReturnMinimumFare" classname="InvoiceServiceTest" time="0.0"/>
  <system-out><![CDATA[]]></system-out>
  <system-err><![CDATA[]]></system-err>
</testsuite>
