<?xml version="1.0" encoding="UTF-8"?>
<testsuite name="InvoiceServiceTest" tests="1" skipped="0" failures="0" errors="0" timestamp="2020-10-26T18:40:23" hostname="AVINASH" time="0.029">
  <properties/>
  <testcase name="whenGivenUserIDReturnInvoiceOfTheUser" classname="InvoiceServiceTest" time="0.029"/>
  <system-out><![CDATA[]]></system-out>
  <system-err><![CDATA[]]></system-err>
</testsuite>
